289.383 - 930.886 = 
636.915 / 747.793 = 
885.386 - 760.492 = 
641.421 / 202.362 = 
368.690 / 520.059 = 
513.926 * 180.540 = 
89.172 / 455.736 = 
595.368 - 702.567 = 
465.782 * 21.530 = 
665.123 / 174.067 = 
513.929 * 979.802 = 
723.058 / 133.069 = 
961.393 / 18.456 = 
478.042 - 176.229 = 
484.421 + 544.919 = 
898.537 + 575.198 = 
798.315 - 664.370 = 
803.526 + 776.091 = 
759.956 * 241.873 = 
999.170 - 906.996 = 
702.305 + 420.925 = 
336.327 - 660.336 = 
750.846 - 621.729 = 
925.857 / 616.124 = 
819.582 * 100.545 = 
233.367 + 515.434 = 
344.043 / 313.750 = 
426.808 * 117.276 = 
695.788 / 393.584 = 
502.651 / 392.754 = 
999.932 + 95.060 = 
993.368 + 947.739 = 
636.226 * 698.586 = 
297.539 * 140.795 = 
651.434 / 960.378 = 
66.601 * 710.097 = 
573.317 + 570.492 = 
260.756 + 997.301 = 
724.286 - 209.441 = 
429.689 / 228.444 = 
558.440 / 744.729 = 
108.117 / 738.097 = 
834.481 - 890.675 = 
698.927 + 704.567 = 
179.497 * 872.353 = 
276.965 / 455.306 = 
406.219 + 28.624 = 
332.871 - 805.732 = 
409.503 * 530.019 = 
363.368 / 959.708 = 
226.340 + 518.149 = 
700.723 - 142.618 = 
122.846 - 493.451 = 
243.555 + 192.379 = 
537.764 - 888.228 = 
792.350 + 165.193 = 
757.034 + 87.764 = 
324.914 + 936.987 = 
373.743 / 346.491 = 
148.365 + 709.859 = 
151.432 - 452.551 = 
899.228 / 153.275 = 
901.474 * 276.121 = 
794.395 - 36.029 = 
908.235 * 573.793 = 
894.428 / 366.143 = 
335.928 + 639.529 = 
322.404 / 964.443 = 
114.613 * 854.538 = 
436.840 * 2.904 = 
235.128 - 670.688 = 
67.917 + 569.917 = 
43.324 * 987.743 = 
512.183 / 298.490 = 
689.772 + 206.725 = 
755.590 / 617.505 = 
502.954 - 469.786 = 
338.082 + 308.542 = 
110.197 / 939.507 = 
228.804 / 376.348 = 
573.622 / 127.828 = 
887.343 + 195.746 = 
354.340 / 755.422 = 
613.810 - 267.605 = 
425.661 * 473.730 = 
811.305 + 229.320 = 
79.444 * 248.626 = 
503.465 + 586.708 = 
408.282 + 213.258 = 
167.637 + 442.062 = 
962.600 + 532.036 = 
911.899 * 419.379 = 
947.468 - 290.071 = 
487.131 * 903.881 = 
808.933 + 845.894 = 
370.163 - 657.199 = 
548.899 / 252.996 = 
713.773 + 272.813 = 
187.190 * 681.095 = 
116.466 + 365.084 = 
422.090 + 327.684 = 
855.542 / 755.936 = 
517.445 / 219.756 = 
418.418 + 706.887 = 
103.348 / 32.172 = 
262.009 * 402.336 = 
166.342 * 467.587 = 
319.301 + 697.713 = 
575.321 / 401.255 = 
44.599 + 517.721 = 
955.939 + 939.811 = 
915.667 + 311.705 = 
811.127 + 829.150 = 
996.658 + 763.920 = 
602.422 + 867.269 = 
54.081 + 645.630 = 
679.292 + 811.972 = 
73.850 - 647.625 = 
741.222 + 739.299 = 
606.042 - 783.898 = 
352.298 + 256.190 = 
942.590 - 688.209 = 
288.819 + 499.336 = 
371.155 + 495.994 = 
160.379 - 614.769 = 
981.776 / 668.850 = 
721.860 / 348.142 = 
445.884 - 421.993 = 
867.621 + 679.567 = 
690.613 * 801.961 = 
31.326 + 154.259 = 
828.202 * 613.202 = 
936.784 * 902.021 = 
390.868 - 789.528 = 
608.872 * 949.908 = 
210.498 + 448.036 = 
457.753 / 686.248 = 
33.333 + 132.133 = 
772.890 / 999.754 = 
251.746 - 690.368 = 
514.500 + 238.046 = 
549.797 * 66.249 = 
273.303 / 3.033 = 
12.497 + 910.253 = 
247.686 + 519.125 = 
613.996 + 245.975 = 
649.157 + 703.729 = 
32.460 - 253.414 = 
870.460 + 26.304 = 
388.027 + 278.050 = 
707.556 * 308.902 = 
697.697 / 858.699 = 
301.039 + 132.002 = 
806.403 - 144.500 = 
617.647 / 908.538 = 
895.151 * 522.535 = 
104.339 / 171.692 = 
516.127 - 720.504 = 
60.049 - 590.964 = 
636.429 / 495.343 = 
903.177 * 202.900 = 
407.971 - 416.949 = 
495.367 + 717.988 = 
585.795 + 40.743 = 
102.829 * 658.390 = 
655.340 - 553.541 = 
453.826 - 174.232 = 
956.042 - 690.360 = 
228.023 - 266.761 = 
526.309 - 903.190 = 
618.996 - 806.367 = 
504.234 * 730.690 = 
764.524 * 226.057 = 
673.168 * 328.205 = 
726.312 + 947.386 = 
204.346 * 602.726 = 
204.916 * 56.552 = 
893.529 * 528.946 = 
302.647 / 756.970 = 
819.080 - 799.631 = 
830.857 + 418.627 = 
561.886 / 439.214 = 
193.512 + 720.090 = 
59.479 - 909.610 = 
966.189 / 152.274 = 
47.641 - 356.620 = 
198.987 * 77.888 = 
524.566 + 487.770 = 
56.856 * 790.417 = 
372.260 - 125.849 = 
107.205 - 473.059 = 
648.518 / 34.945 = 
436.873 - 228.458 = 
967.637 / 804.289 = 
826.607 - 770.478 = 
149.314 - 334.471 = 
591.100 * 533.459 = 
89.438 + 58.025 = 
633.074 - 631.233 = 
933.681 * 3.493 = 
550.270 - 110.699 = 
101.839 / 275.569 = 
92.622 - 228.794 = 
319.847 * 196.431 = 
456.682 + 539.390 = 
745.791 / 205.057 = 
391.521 * 796.157 = 
631.491 / 401.947 = 
359.231 - 35.021 = 
393.740 * 485.054 = 
554.098 - 35.325 = 
187.516 * 653.516 = 
372.231 + 746.139 = 
785.404 + 582.338 = 
519.218 * 39.021 = 
539.862 / 784.812 = 
894.977 + 692.685 = 
299.904 / 324.176 = 
279.207 - 199.759 = 
889.744 / 593.499 = 
20.127 + 663.950 = 
777.560 - 367.818 = 
810.563 + 740.049 = 
588.711 * 41.805 = 
563.291 / 77.375 = 
593.614 + 133.589 = 
828.993 - 544.918 = 
376.882 * 844.822 = 
326.717 - 124.030 = 
311.574 - 530.126 = 
781.486 / 550.253 = 
803.074 - 327.814 = 
478.179 * 138.377 = 
415.775 / 727.088 = 
935.710 * 806.732 = 
11.017 / 400.346 = 
871.137 - 745.691 = 
423.943 + 122.573 = 
300.925 * 449.291 = 
894.018 + 277.217 = 
596.963 * 575.055 = 
963.858 + 378.130 = 
698.571 - 372.661 = 
689.685 - 304.789 = 
722.604 - 756.851 = 
349.250 / 767.868 = 
109.485 / 639.006 = 
414.639 + 62.949 = 
80.967 / 880.226 = 
387.677 - 290.596 = 
740.865 + 887.560 = 
127.955 * 367.770 = 
359.211 + 66.342 = 
245.196 - 272.379 = 
858.270 + 994.984 = 
794.427 + 344.234 = 
647.283 * 970.072 = 
245.830 / 901.063 = 
966.950 - 982.030 = 
653.714 * 886.059 = 
134.047 * 626.924 = 
189.435 + 271.232 = 
622.954 * 630.443 = 
945.486 * 875.640 = 
89.159 * 250.262 = 
989.683 + 561.041 = 
141.723 + 208.324 = 
449.122 / 454.154 = 
335.821 - 937.457 = 
102.747 + 591.171 = 
160.269 - 725.218 = 
621.703 - 914.653 = 
450.907 + 53.959 = 
862.806 + 515.797 = 
547.084 * 121.308 = 
742.698 + 110.991 = 
798.898 + 252.715 = 
825.171 / 218.189 = 
752.506 + 554.010 = 
178.224 / 173.109 = 
490.000 - 333.378 = 
945.053 * 955.081 = 
671.338 * 405.989 = 
28.067 / 785.147 = 
776.787 + 332.231 = 
292.122 / 591.281 = 
884.850 * 390.179 = 
202.254 / 215.350 = 
973.813 * 967.857 = 
199.181 / 146.081 = 
15.720 * 152.433 = 
590.181 / 97.487 = 
79.296 + 768.825 = 
138.722 / 796.892 = 
230.297 * 90.032 = 
443.181 / 898.506 = 
767.057 / 299.708 = 
859.999 - 501.962 = 
687.483 * 475.776 = 
68.977 / 191.309 = 
139.932 - 723.382 = 
544.266 + 313.563 = 
903.682 - 909.211 = 
669.086 * 564.285 = 
735.990 * 794.583 = 
651.476 + 754.116 = 
641.892 + 37.525 = 
538.839 * 897.525 = 
651.136 * 101.360 = 
247.643 + 170.337 = 
506.582 * 826.621 = 
917.955 - 370.888 = 
426.815 - 274.570 = 
220.853 * 460.008 = 
811.783 - 712.350 = 
9.097 * 363.827 = 
621.269 / 522.071 = 
533.149 + 60.910 = 
430.639 + 228.398 = 
836.610 - 992.393 = 
433.890 / 498.976 = 
754.552 / 416.931 = 
388.777 - 360.099 = 
448.566 - 580.952 = 
72.641 + 392.735 = 
491.298 / 918.184 = 
696.776 * 55.805 = 
423.428 + 588.954 = 
80.308 * 19.593 = 
322.197 + 372.555 = 
250.774 + 806.445 = 
522.325 / 560.997 = 
648.412 * 466.127 = 
565.421 * 914.693 = 
942.439 - 987.334 = 
548.159 - 994.985 = 
1.354 * 691.761 = 
492.972 + 631.541 = 
561.852 * 711.850 = 
375.482 - 550.399 = 
665.154 / 801.173 = 
486.506 + 839.851 = 
724.790 / 488.263 = 
323.172 - 570.037 = 
18.859 / 28.828 = 
107.280 + 576.987 = 
146.590 * 578.341 = 
725.352 / 587.665 = 
893.069 - 149.517 = 
113.083 + 41.351 = 
189.300 * 706.506 = 
104.667 - 709.364 = 
581.032 + 434.154 = 
39.875 - 273.679 = 
413.412 - 292.538 = 
290.636 + 916.170 = 
162.844 - 62.760 = 
726.814 * 304.465 = 
922.326 / 713.886 = 
346.039 / 826.969 = 
320.152 - 532.621 = 
611.790 - 637.289 = 
259.631 + 734.673 = 
395.735 / 774.548 = 
101.877 - 704.313 = 
353.198 / 994.949 = 
665.155 + 157.793 = 
588.156 - 400.960 = 
98.823 / 323.286 = 
275.358 + 185.677 = 
493.245 - 22.181 = 
933.990 * 150.323 = 
84.100 / 409.954 = 
668.364 + 322.042 = 
42.659 - 423.919 = 
225.844 * 293.469 = 
841.551 / 474.976 = 
520.019 / 63.133 = 
19.304 - 161.956 = 
232.475 / 953.666 = 
788.967 + 446.912 = 
361.729 + 380.902 = 
88.131 * 465.002 = 
549.207 + 649.718 = 
301.183 / 692.377 = 
757.472 - 434.573 = 
725.062 - 276.125 = 
366.797 * 312.496 = 
893.141 * 848.153 = 
775.474 - 596.980 = 
843.485 - 385.948 = 
450.030 / 264.029 = 
206.898 * 352.160 = 
406.424 + 417.719 = 
411.641 * 718.902 = 
873.480 / 992.726 = 
628.789 + 234.140 = 
342.723 - 600.938 = 
152.493 * 10.431 = 
124.220 * 785.905 = 
49.613 * 629.391 = 
938.270 / 79.421 = 
207.829 + 802.671 = 
458.743 / 209.095 = 
843.024 * 137.088 = 
952.386 + 10.569 = 
979.969 - 155.710 = 
800.030 / 498.433 = 
932.587 * 167.279 = 
429.649 / 291.499 = 
7.339 * 857.464 = 
487.330 / 312.086 = 
231.349 * 519.915 = 
843.881 * 495.011 = 
874.133 * 854.387 = 
623.287 / 806.773 = 
881.519 * 786.742 = 
890.244 / 103.124 = 
16.259 * 552.063 = 
636.353 - 981.712 = 
558.705 - 505.404 = 
626.799 / 992.734 = 
774.315 / 740.435 = 
240.853 * 100.669 = 
916.487 - 974.802 = 
245.562 * 598.089 = 
585.205 + 995.960 = 
596.911 - 402.557 = 
623.403 + 418.816 = 
300.821 - 571.522 = 
302.443 - 646.579 = 
161.528 / 273.378 = 
332.700 * 564.045 = 
23.787 / 804.899 = 
242.589 - 721.386 = 
799.426 * 966.948 = 
163.036 / 68.506 = 
346.092 + 665.417 = 
115.921 + 288.820 = 
954.166 * 105.994 = 
774.123 - 408.437 = 
99.484 + 86.317 = 
933.931 - 419.017 = 
25.165 + 959.156 = 
217.069 / 201.745 = 
867.422 / 1.171 = 
148.569 - 680.559 = 
425.676 / 26.652 = 
105.340 / 658.925 = 
720.172 - 613.091 = 
906.527 * 903.566 = 
255.812 + 3.050 = 
362.124 - 453.333 = 
65.186 * 478.499 = 
56.794 / 695.568 = 
286.141 / 79.342 = 
482.437 * 744.263 = 
263.590 * 169.939 = 
226.513 + 791.631 = 
478.257 / 511.804 = 
352.346 * 934.683 = 
151.225 + 190.495 = 
36.421 * 68.972 = 
340.634 - 134.158 = 
120.356 - 190.952 = 
585.472 / 993.446 = 
568.111 / 475.883 = 
747.661 * 255.825 = 
470.216 * 482.339 = 
335.344 * 960.596 = 
846.267 - 829.294 = 
260.757 + 980.519 = 
194.650 + 533.292 = 
581.876 * 390.279 = 
963.953 / 510.635 = 
41.598 - 96.107 = 
714.937 + 180.570 = 
132.540 - 444.584 = 
720.083 + 914.800 = 
615.609 + 766.496 = 
22.939 / 612.763 = 
881.304 * 389.873 = 
930.164 / 584.523 = 
564.349 * 682.751 = 
816.339 - 646.704 = 
291.986 - 688.302 = 
761.079 / 919.591 = 
222.407 / 568.484 = 
939.561 / 804.919 = 
139.053 / 420.528 = 
815.494 / 959.819 = 
837.581 + 841.123 = 
840.187 / 287.639 = 
892.438 * 851.988 = 
851.320 * 184.680 = 
804.486 + 993.018 = 
886.463 / 754.098 = 
149.010 / 976.505 = 
856.142 * 916.066 = 
994.425 * 571.472 = 
382.853 - 386.966 = 
416.748 + 224.547 = 
840.516 + 581.086 = 
365.159 + 989.877 = 
572.553 + 841.197 = 
943.003 / 162.035 = 
518.107 - 48.498 = 
529.154 * 713.861 = 
592.334 - 570.003 = 
976.784 - 564.428 = 
781.763 / 463.633 = 
546.560 * 880.381 = 
185.185 + 720.897 = 
595.097 - 602.408 = 
373.349 / 691.313 = 
852.634 * 634.316 = 
808.585 - 668.775 = 
34.986 * 197.930 = 
237.892 - 306.616 = 
389.569 - 799.752 = 
596.366 / 581.515 = 
222.833 + 644.428 = 
73.847 * 829.613 = 
22.300 * 941.062 = 
960.629 + 830.763 = 
256.508 + 683.397 = 
230.775 + 491.982 = 
253.540 * 43.320 = 
506.518 * 797.565 = 
329.499 * 187.134 = 
716.908 * 299.853 = 
84.303 * 522.686 = 
848.432 / 596.534 = 
849.810 - 618.834 = 
453.596 + 95.815 = 
748.696 * 352.324 = 
194.465 + 99.451 = 
825.361 - 869.343 = 
654.187 * 375.861 = 
305.981 + 705.360 = 
273.879 - 938.620 = 
823.293 + 22.924 = 
17.135 * 387.708 = 
556.942 + 753.870 = 
554.163 / 207.466 = 
898.500 / 472.515 = 
926.234 * 183.332 = 
445.950 - 8.693 = 
525.339 * 662.880 = 
402.293 * 485.213 = 
466.382 / 275.444 = 
830.323 / 98.738 = 
716.951 / 115.873 = 
716.465 - 189.168 = 
334.813 / 259.683 = 
48.977 * 674.535 = 
115.464 * 600.769 = 
314.107 / 563.072 = 
865.740 / 88.411 = 
309.587 + 7.057 = 
458.793 - 473.439 = 
546.620 / 820.114 = 
657.371 + 53.418 = 
188.534 + 769.883 = 
473.567 + 104.697 = 
966.067 / 153.674 = 
447.433 - 785.490 = 
112.132 - 615.949 = 
785.523 + 481.690 = 
638.147 - 307.629 = 
492.335 + 766.422 = 
621.968 / 313.043 = 
850.339 - 486.766 = 
710.936 + 191.653 = 
277.052 - 665.220 = 
619.204 / 631.287 = 
119.540 * 78.721 = 
736.997 / 707.205 = 
433.878 - 492.728 = 
219.170 * 647.227 = 
11.520 - 139.563 = 
793.660 + 277.883 = 
912.267 * 128.223 = 
84.292 / 355.511 = 
542.553 + 632.563 = 
621.862 / 251.768 = 
371.198 + 887.660 = 
422.376 - 141.009 = 
89.503 * 574.887 = 
754.673 - 794.057 = 
243.823 + 321.929 = 
983.044 + 631.942 = 
68.012 / 544.209 = 
639.747 * 144.854 = 
403.134 - 203.759 = 
831.742 - 341.973 = 
891.638 - 713.171 = 
62.958 * 651.899 = 
941.484 - 257.755 = 
829.090 / 528.780 = 
363.923 + 772.603 = 
38.320 * 272.000 = 
506.952 + 340.012 = 
103.807 * 979.759 = 
572.525 - 382.894 = 
190.158 * 214.636 = 
59.560 * 622.626 = 
332.973 - 201.937 = 
263.748 + 143.421 = 
769.409 + 488.863 = 
101.832 + 852.786 = 
239.833 + 407.458 = 
526.127 + 914.410 = 
356.631 + 534.569 = 
848.341 * 623.446 = 
27.458 * 813.605 = 
64.901 - 873.165 = 
331.867 * 722.490 = 
250.732 / 986.238 = 
943.705 * 272.000 = 
165.457 + 373.832 = 
643.461 / 130.017 = 
426.169 - 172.497 = 
32.538 / 529.128 = 
135.018 - 377.470 = 
620.392 * 921.280 = 
836.754 / 502.533 = 
675.743 * 834.400 = 
233.021 + 601.485 = 
933.720 + 545.190 = 
639.634 - 710.647 = 
681.983 * 870.461 = 
648.142 / 296.630 = 
45.063 + 845.520 = 
976.554 * 980.538 = 
531.492 * 600.930 = 
900.034 + 437.685 = 
658.094 + 629.780 = 
138.644 - 862.802 = 
121.784 / 796.522 = 
376.925 / 436.157 = 
38.602 + 634.492 = 
830.296 * 798.986 = 
310.840 / 844.049 = 
320.512 - 336.956 = 
707.654 + 868.448 = 
532.428 - 768.482 = 
376.088 - 426.576 = 
537.797 / 565.220 = 
333.694 * 687.005 = 
674.782 / 580.282 = 
242.869 / 135.236 = 
681.417 - 481.884 = 
449.299 * 792.724 = 
546.350 * 113.236 = 
140.292 * 337.242 = 
335.164 - 386.023 = 
967.721 - 762.111 = 
746.410 * 816.260 = 
387.902 / 149.955 = 
825.916 - 341.089 = 
216.439 - 583.958 = 
757.806 - 265.375 = 
614.511 * 714.674 = 
315.265 * 777.377 = 
352.976 - 917.669 = 
259.134 + 252.833 = 
450.127 / 736.906 = 
67.697 + 483.316 = 
766.839 / 387.570 = 
152.986 + 213.486 = 
635.767 * 946.277 = 
770.136 - 220.435 = 
870.037 / 834.946 = 
795.367 + 150.212 = 
833.934 - 19.540 = 
726.095 * 278.674 = 
520.631 + 728.802 = 
593.630 - 312.851 = 
999.242 / 79.690 = 
71.161 * 232.676 = 
484.169 / 384.795 = 
481.135 / 154.931 = 
776.180 - 541.320 = 
785.900 - 336.688 = 
572.996 - 686.974 = 
794.114 + 413.069 = 
784.416 * 450.052 = 
511.625 - 43.682 = 
238.502 / 559.277 = 
352.949 / 146.790 = 
197.235 * 630.960 = 
987.799 - 628.447 = 
31.502 - 404.628 = 
393.799 - 190.528 = 
939.013 / 279.876 = 
503.766 + 73.990 = 
347.194 + 374.759 = 
435.776 / 886.384 = 
837.209 + 641.238 = 
834.684 * 510.539 = 
64.835 * 707.775 = 
679.781 * 211.926 = 
482.362 * 243.428 = 
826.264 * 153.579 = 
506.853 * 608.944 = 
390.769 - 112.711 = 
204.105 + 976.257 = 
951.142 + 412.034 = 
774.565 * 765.595 = 
157.265 - 116.632 = 
203.107 + 181.467 = 
363.558 * 377.601 = 
185.160 * 859.963 = 
895.038 * 686.227 = 
311.796 * 709.433 = 
8.430 - 616.554 = 
295.407 / 820.659 = 
473.495 - 771.801 = 
537.967 + 62.718 = 
760.029 + 736.335 = 
492.631 + 939.443 = 
933.007 - 819.353 = 
101.662 + 4.513 = 
30.096 + 899.551 = 
112.110 - 727.699 = 
803.069 / 252.481 = 
123.090 * 547.889 = 
419.369 + 537.736 = 
127.682 * 75.704 = 
634.295 * 835.733 = 
741.187 - 328.364 = 
62.251 * 777.724 = 
244.564 / 395.738 = 
803.193 * 425.834 = 
564.401 - 537.945 = 
551.394 * 857.366 = 
638.589 / 980.456 = 
62.795 + 399.826 = 
258.803 + 43.860 = 
33.882 - 678.155 = 
61.648 * 935.695 = 
512.505 * 997.946 = 
299.067 + 758.863 = 
573.790 * 78.408 = 
780.768 / 159.161 = 
199.093 - 710.555 = 
386.251 * 349.144 = 
637.651 + 928.291 = 
910.435 + 703.447 = 
775.275 + 253.681 = 
992.200 / 315.329 = 
53.842 - 827.834 = 
409.560 + 126.901 = 
644.664 + 217.043 = 
821.955 - 997.811 = 
53.542 + 713.256 = 
142.496 + 615.859 = 
728.258 + 253.510 = 
713.846 / 680.297 = 
743.294 + 971.924 = 
967.250 - 964.125 = 
643.253 / 534.319 = 
833.555 + 943.880 = 
782.719 / 104.896 = 
326.644 * 443.203 = 
29.729 * 496.746 = 
443.370 - 155.594 = 
238.858 + 883.852 = 
446.286 - 597.698 = 
873.513 * 857.344 = 
554.421 / 340.947 = 
550.658 * 984.200 = 
374.729 * 334.107 = 
842.053 / 633.179 = 
42.772 * 476.175 = 
241.302 + 505.904 = 
669.440 * 465.626 = 
197.086 * 704.485 = 
10.946 + 667.123 = 
988.751 - 540.637 = 
454.833 + 611.410 = 
401.392 + 162.069 = 
882.271 + 53.150 = 
823.381 / 411.556 = 
869.388 * 454.328 = 
874.951 * 211.983 = 
377.259 - 881.423 = 
551.514 * 594.861 = 
125.972 - 605.807 = 
298.129 * 110.911 = 
327.630 - 565.744 = 
698.078 * 967.137 = 
569.078 + 365.760 = 
774.186 + 189.141 = 
128.825 - 574.882 = 
959.639 + 449.833 = 
296.358 / 343.444 = 
615.055 - 411.310 = 
154.589 + 537.283 = 
361.246 / 835.412 = 
624.893 + 163.042 = 
499.950 - 861.120 = 
53.428 - 946.550 = 
660.056 * 720.737 = 
678.241 + 365.914 = 
183.458 - 325.554 = 
900.658 * 138.264 = 
499.281 + 753.319 = 
209.118 / 424.260 = 
524.763 / 785.506 = 
951.318 - 410.399 = 
459.970 - 426.701 = 
452.111 + 480.129 = 
810.012 - 140.186 = 
357.055 / 334.779 = 
478.979 - 34.589 = 
567.089 - 935.247 = 
514.995 + 950.880 = 
874.211 + 159.999 = 
770.711 / 201.114 = 
535.326 * 668.784 = 
946.632 + 645.107 = 
251.761 - 97.218 = 
503.441 / 907.231 = 
992.210 * 264.286 = 
846.894 / 259.617 = 
543.483 * 343.058 = 
378.337 / 858.053 = 
999.213 * 248.617 = 
527.998 + 535.680 = 
358.641 + 71.006 = 
116.035 / 17.638 = 
300.131 * 785.752 = 
480.709 - 805.545 = 
317.824 / 797.756 = 
6.071 + 161.002 = 
728.906 / 704.485 = 
386.989 + 599.174 = 
28.656 - 598.388 = 
313.970 - 642.738 = 
833.102 + 1.379 = 
21.018 * 633.766 = 
854.042 * 450.250 = 
784.284 + 930.959 = 
654.461 + 765.135 = 
788.924 * 771.206 = 
699.356 / 500.113 = 
952.847 * 403.454 = 
580.744 * 432.110 = 
457.257 + 262.432 = 
869.451 / 611.886 = 
836.299 - 632.904 = 
853.489 / 486.946 = 
172.784 * 787.582 = 
781.272 * 442.043 = 
703.868 + 747.319 = 
303.818 - 446.676 = 
608.253 / 915.875 = 
28.215 - 496.619 = 
79.269 - 953.877 = 
256.709 / 339.680 = 
468.232 + 692.331 = 
313.522 * 545.820 = 
125.413 - 234.956 = 
868.264 + 16.228 = 
376.250 + 236.448 = 
171.794 + 56.618 = 
983.804 / 664.872 = 
199.267 / 209.439 = 
363.193 + 288.709 = 
822.254 + 61.770 = 
376.850 / 46.355 = 
564.350 / 876.229 = 
755.148 + 1.642 = 
217.177 + 869.906 = 
153.954 - 762.508 = 
321.698 / 934.303 = 
452.470 / 918.107 = 
15.469 / 633.726 = 
591.440 + 513.271 = 
121.288 * 335.526 = 
990.816 - 712.376 = 
69.027 * 793.078 = 
693.059 - 548.226 = 
68.399 / 765.404 = 
459.967 + 919.358 = 
120.688 / 757.408 = 
321.676 * 726.230 = 
220.239 + 258.051 = 
328.242 + 849.492 = 
241.306 * 970.780 = 
732.493 * 477.949 = 
786.386 + 63.328 = 
716.509 * 756.387 = 
164.626 * 341.138 = 
482.649 + 317.458 = 
563.181 + 438.146 = 
610.720 * 276.174 = 
60.014 * 496.414 = 
175.739 * 824.656 = 
804.735 * 582.315 = 
769.257 / 831.160 = 
962.507 + 617.546 = 
432.483 / 334.055 = 
967.037 * 15.033 = 
783.348 + 497.683 = 
35.368 * 577.216 = 
561.149 - 187.937 = 
813.159 / 764.303 = 
323.221 / 940.042 = 
682.775 * 744.777 = 
529.462 * 30.386 = 
854.097 - 992.893 = 
242.061 + 941.728 = 
419.117 * 908.766 = 
420.959 - 208.466 = 
740.259 - 760.186 = 
14.057 * 321.335 = 
564.030 * 134.495 = 
610.417 + 457.716 = 
997.813 * 140.492 = 
967.523 + 186.306 = 
768.394 * 40.403 = 
703.163 * 798.817 = 
488.339 + 217.934 = 
288.549 * 638.893 = 
586.442 - 895.504 = 
977.904 + 425.913 = 
557.302 / 989.944 = 
901.004 + 600.361 = 
701.101 + 114.526 = 
762.327 * 82.050 = 
853.939 - 366.796 = 
938.445 * 586.311 = 
964.680 + 591.002 = 
416.032 - 879.552 = 
592.203 - 982.346 = 
528.560 / 960.250 = 
786.252 / 517.553 = 
178.440 + 418.557 = 
61.048 / 636.010 = 
84.148 - 398.337 = 
293.554 - 252.277 = 
543.363 + 707.074 = 
108.342 * 671.754 = 
891.254 * 604.139 = 
345.764 - 196.342 = 
695.777 / 724.902 = 
471.704 + 511.154 = 
237.575 * 205.946 = 
120.160 + 266.994 = 
633.623 * 351.142 = 
745.488 / 644.696 = 
224.149 - 704.412 = 
321.825 + 812.754 = 
494.151 / 220.360 = 
62.382 - 566.124 = 
612.959 / 261.902 = 
123.786 - 733.606 = 
152.167 + 487.534 = 
631.809 * 124.046 = 
231.109 - 757.669 = 
261.451 - 503.157 = 
544.070 - 243.658 = 
533.764 / 565.483 = 
711.564 + 575.986 = 
493.503 + 638.368 = 
955.432 * 251.327 = 
174.967 - 891.466 = 
389.304 / 43.633 = 
842.292 - 191.794 = 
562.275 * 939.255 = 
633.400 / 200.707 = 
865.573 - 744.777 = 
802.159 + 794.893 = 
67.850 * 506.457 = 
553.902 / 999.960 = 
122.431 * 471.744 = 
952.861 + 646.711 = 
516.898 - 552.368 = 
84.821 / 394.660 = 
776.790 / 473.287 = 
742.780 * 106.687 = 
728.279 / 488.613 = 
957.436 - 807.124 = 
268.428 * 874.974 = 
671.759 / 945.229 = 
713.458 / 67.660 = 
6.484 / 536.873 = 
707.329 / 570.124 = 
968.158 / 654.945 = 
420.782 / 948.088 = 
812.661 * 690.868 = 
405.247 / 935.500 = 
258.962 / 892.936 = 
907.571 * 677.717 = 
62.638 / 349.476 = 
734.017 / 62.934 = 
877.140 + 585.770 = 
